{"name": "Проверка позитивного сценария заказа самоката", "status": "broken", "statusDetails": {"message": "selenium.common.exceptions.TimeoutException: Message: Can't find element by locator ('xpath', \"//input[@placeholder='* Когда привезти самокат']\")\nStacktrace:\nRemoteError@chrome://remote/content/shared/RemoteError.sys.mjs:8:8\nWebDriverError@chrome://remote/content/shared/webdriver/Errors.sys.mjs:199:5\nNoSuchElementError@chrome://remote/content/shared/webdriver/Errors.sys.mjs:552:5\ndom.find/</<@chrome://remote/content/shared/DOM.sys.mjs:136:16", "trace": "self = <tests.test_order_scooter.TestOrderFlow object at 0x00000206215FC690>\ndriver = <selenium.webdriver.firefox.webdriver.WebDriver (session=\"fe608892-52bf-4741-84be-2f42b95a7911\")>\norder_button = 'foot'\ntest_data = {'address': 'пр. Степана Разина, д. 181 стр. 3/7', 'color': 'black', 'comment': 'Изучить посвятить банк коробка заплакать встать.', 'date': '09.04.2025', ...}\n\n    @allure.title(\"Проверка позитивного сценария заказа самоката\")\n    @allure.description(\"Тестирование полного флоу заказа с разными данными\")\n    @pytest.mark.parametrize(\"order_button,test_data\", [\n        (\"head\", generate_order_data()),\n        (\"foot\", generate_order_data())\n    ])\n    def test_order_scooter_positive_flow(self, driver, order_button, test_data):\n        with allure.step(\"Открыть главную страницу\"):\n            main_page = MainPage(driver)\n            main_page.go_to_site()\n            main_page.accept_cookies()\n    \n        with allure.step(f\"Нажать кнопку 'Заказать' ({order_button})\"):\n            if order_button == \"head\":\n                main_page.click_head_order_button()\n            else:\n                main_page.click_foot_order_button()\n    \n        with allure.step(\"Заполнить первую часть формы заказа\"):\n            order_page = OrderPage(driver)\n            order_page.fill_first_step_form(\n                test_data['name'],\n                test_data['lastname'],\n                test_data['address'],\n                test_data['metro'],\n                test_data['phone']\n            )\n    \n        with allure.step(\"Заполнить вторую часть формы заказа\"):\n>           order_page.fill_second_step_form(\n                test_data['date'],\n                test_data['rental_period'],\n                test_data['color'],\n                test_data['comment']\n            )\n\ntest_order_scooter.py:40: \n_ _ _ _ _ _ _ _ _ _ _ _ _ _ _ _ _ _ _ _ _ _ _ _ _ _ _ _ _ _ _ _ _ _ _ _ _ _ _ _\n..\\pages\\order_page.py:17: in fill_second_step_form\n    self.input_text(OrderPageLocators.DATE_INPUT, date)\n..\\pages\\base_page.py:23: in input_text\n    element = self.find_element(locator)\n..\\pages\\base_page.py:14: in find_element\n    return WebDriverWait(self.driver, time).until(\n_ _ _ _ _ _ _ _ _ _ _ _ _ _ _ _ _ _ _ _ _ _ _ _ _ _ _ _ _ _ _ _ _ _ _ _ _ _ _ _\n\nself = <selenium.webdriver.support.wait.WebDriverWait (session=\"fe608892-52bf-4741-84be-2f42b95a7911\")>\nmethod = <function presence_of_element_located.<locals>._predicate at 0x0000020621AF40E0>\nmessage = 'Can\\'t find element by locator (\\'xpath\\', \"//input[@placeholder=\\'* Когда привезти самокат\\']\")'\n\n    def until(self, method: Callable[[D], Union[Literal[False], T]], message: str = \"\") -> T:\n        \"\"\"Wait until the method returns a value that is not False.\n    \n        Calls the method provided with the driver as an argument until the\n        return value does not evaluate to ``False``.\n    \n        Parameters:\n        -----------\n        method: callable(WebDriver)\n            - A callable object that takes a WebDriver instance as an argument.\n    \n        message: str\n            - Optional message for :exc:`TimeoutException`\n    \n        Return:\n        -------\n        object: T\n            - The result of the last call to `method`\n    \n        Raises:\n        -------\n        TimeoutException\n            - If 'method' does not return a truthy value within the WebDriverWait\n            object's timeout\n    \n        Example:\n        --------\n        >>> from selenium.webdriver.common.by import By\n        >>> from selenium.webdriver.support.ui import WebDriverWait\n        >>> from selenium.webdriver.support import expected_conditions as EC\n    \n        # Wait until an element is visible on the page\n        >>> wait = WebDriverWait(driver, 10)\n        >>> element = wait.until(EC.visibility_of_element_located((By.ID, \"exampleId\")))\n        >>> print(element.text)\n        \"\"\"\n        screen = None\n        stacktrace = None\n    \n        end_time = time.monotonic() + self._timeout\n        while True:\n            try:\n                value = method(self._driver)\n                if value:\n                    return value\n            except self._ignored_exceptions as exc:\n                screen = getattr(exc, \"screen\", None)\n                stacktrace = getattr(exc, \"stacktrace\", None)\n            if time.monotonic() > end_time:\n                break\n            time.sleep(self._poll)\n>       raise TimeoutException(message, screen, stacktrace)\nE       selenium.common.exceptions.TimeoutException: Message: Can't find element by locator ('xpath', \"//input[@placeholder='* Когда привезти самокат']\")\nE       Stacktrace:\nE       RemoteError@chrome://remote/content/shared/RemoteError.sys.mjs:8:8\nE       WebDriverError@chrome://remote/content/shared/webdriver/Errors.sys.mjs:199:5\nE       NoSuchElementError@chrome://remote/content/shared/webdriver/Errors.sys.mjs:552:5\nE       dom.find/</<@chrome://remote/content/shared/DOM.sys.mjs:136:16\n\n..\\.venv\\Lib\\site-packages\\selenium\\webdriver\\support\\wait.py:146: TimeoutException"}, "description": "Тестирование полного флоу заказа с разными данными", "steps": [{"name": "Открыть главную страницу", "status": "passed", "start": 1743952038044, "stop": 1743952039589}, {"name": "Нажать кнопку 'Заказать' (foot)", "status": "passed", "start": 1743952039589, "stop": 1743952039837}, {"name": "Заполнить первую часть формы заказа", "status": "passed", "start": 1743952039838, "stop": 1743952040611}, {"name": "Заполнить вторую часть формы заказа", "status": "broken", "statusDetails": {"message": "selenium.common.exceptions.TimeoutException: Message: Can't find element by locator ('xpath', \"//input[@placeholder='* Когда привезти самокат']\")\nStacktrace:\nRemoteError@chrome://remote/content/shared/RemoteError.sys.mjs:8:8\nWebDriverError@chrome://remote/content/shared/webdriver/Errors.sys.mjs:199:5\nNoSuchElementError@chrome://remote/content/shared/webdriver/Errors.sys.mjs:552:5\ndom.find/</<@chrome://remote/content/shared/DOM.sys.mjs:136:16\n\n", "trace": "  File \"C:\\Users\\windw\\PycharmProjects\\Sprint_6\\tests\\test_order_scooter.py\", line 40, in test_order_scooter_positive_flow\n    order_page.fill_second_step_form(\n    ~~~~~~~~~~~~~~~~~~~~~~~~~~~~~~~~^\n        test_data['date'],\n        ^^^^^^^^^^^^^^^^^^\n    ...<2 lines>...\n        test_data['comment']\n        ^^^^^^^^^^^^^^^^^^^^\n    )\n    ^\n  File \"C:\\Users\\windw\\PycharmProjects\\Sprint_6\\pages\\order_page.py\", line 17, in fill_second_step_form\n    self.input_text(OrderPageLocators.DATE_INPUT, date)\n    ~~~~~~~~~~~~~~~^^^^^^^^^^^^^^^^^^^^^^^^^^^^^^^^^^^^\n  File \"C:\\Users\\windw\\PycharmProjects\\Sprint_6\\pages\\base_page.py\", line 23, in input_text\n    element = self.find_element(locator)\n  File \"C:\\Users\\windw\\PycharmProjects\\Sprint_6\\pages\\base_page.py\", line 14, in find_element\n    return WebDriverWait(self.driver, time).until(\n           ~~~~~~~~~~~~~~~~~~~~~~~~~~~~~~~~~~~~~~^\n        EC.presence_of_element_located(locator),\n        ^^^^^^^^^^^^^^^^^^^^^^^^^^^^^^^^^^^^^^^^\n        message=f\"Can't find element by locator {locator}\"\n        ^^^^^^^^^^^^^^^^^^^^^^^^^^^^^^^^^^^^^^^^^^^^^^^^^^\n    )\n    ^\n  File \"C:\\Users\\windw\\PycharmProjects\\Sprint_6\\.venv\\Lib\\site-packages\\selenium\\webdriver\\support\\wait.py\", line 146, in until\n    raise TimeoutException(message, screen, stacktrace)\n"}, "start": 1743952040611, "stop": 1743952050861}], "attachments": [{"name": "screenshot", "source": "81a7f9be-53b3-4ac1-af7e-3bba77e84968-attachment.png", "type": "image/png"}], "parameters": [{"name": "order_button", "value": "'foot'"}, {"name": "test_data", "value": "{'name': 'Александра', 'lastname': 'Гришин', 'address': 'пр. Степана Разина, д. 181 стр. 3/7', 'metro': 'Сокольники', 'phone': '+79435237635', 'date': '09.04.2025', 'rental_period': 'сутки', 'color': 'black', 'comment': 'Изучить посвятить банк коробка заплакать встать.'}"}], "start": 1743952038044, "stop": 1743952050867, "uuid": "78371b13-c909-4188-8e7f-da6e1d3429fe", "historyId": "07423055af44e4d436ff51a164c25f08", "testCaseId": "df542eba861a1d82cbd2e9ca1e0f8a75", "fullName": "tests.test_order_scooter.TestOrderFlow#test_order_scooter_positive_flow", "labels": [{"name": "tag", "value": "@pytest.mark.usefixtures('driver')"}, {"name": "parentSuite", "value": "tests"}, {"name": "suite", "value": "test_order_scooter"}, {"name": "subSuite", "value": "TestOrderFlow"}, {"name": "host", "value": "Gemini_78"}, {"name": "thread", "value": "9948-MainThread"}, {"name": "framework", "value": "pytest"}, {"name": "language", "value": "cpython3"}, {"name": "package", "value": "tests.test_order_scooter"}]}