{"name": "Проверка позитивного сценария заказа самоката", "status": "broken", "statusDetails": {"message": "selenium.common.exceptions.TimeoutException: Message: Can't find element by locator ('xpath', \"//div[text()='двое суток']\")\nStacktrace:\nRemoteError@chrome://remote/content/shared/RemoteError.sys.mjs:8:8\nWebDriverError@chrome://remote/content/shared/webdriver/Errors.sys.mjs:199:5\nNoSuchElementError@chrome://remote/content/shared/webdriver/Errors.sys.mjs:552:5\ndom.find/</<@chrome://remote/content/shared/DOM.sys.mjs:136:16", "trace": "self = <tests.test_order_scooter.TestOrderFlow object at 0x000002703C980550>\ndriver = <selenium.webdriver.firefox.webdriver.WebDriver (session=\"b4969460-b98f-4b56-a69d-8b125be8ef88\")>\norder_button = 'head'\ntest_data = {'address': 'алл. Новоселов, д. 17', 'color': 'grey', 'comment': 'Полностью дрогнуть поставить палка необычный.', 'date': '09.04.2025', ...}\n\n    @allure.title(\"Проверка позитивного сценария заказа самоката\")\n    @allure.description(\"Тестирование полного флоу заказа с разными наборами данных\")\n    @pytest.mark.parametrize(\"order_button,test_data\", [\n        (\"head\", generate_order_data()),\n        (\"foot\", generate_order_data())\n    ], ids=[\"Head order button\", \"Foot order button\"])\n    def test_successful_order_flow(self, driver, order_button, test_data):\n        with allure.step(\"Открываем главную страницу\"):\n            main_page = MainPage(driver)\n            main_page.go_to_site()\n            main_page.accept_cookies()\n    \n        with allure.step(f\"Нажимаем кнопку 'Заказать' ({order_button})\"):\n            if order_button == \"head\":\n                main_page.click_head_order_button()\n            else:\n                main_page.click_foot_order_button()\n    \n        with allure.step(\"Заполняем первую часть формы заказа\"):\n            order_page = OrderPage(driver)\n            order_page.fill_first_step_form(\n                test_data['name'],\n                test_data['lastname'],\n                test_data['address'],\n                test_data['metro'],\n                test_data['phone']\n            )\n    \n        with allure.step(\"Заполняем вторую часть формы заказа\"):\n>           order_page.fill_second_step_form(\n                test_data['date'],\n                test_data['rental_period'],\n                test_data['color'],\n                test_data['comment']\n            )\n\ntest_order_scooter.py:40: \n_ _ _ _ _ _ _ _ _ _ _ _ _ _ _ _ _ _ _ _ _ _ _ _ _ _ _ _ _ _ _ _ _ _ _ _ _ _ _ _\n..\\pages\\order_page.py:20: in fill_second_step_form\n    self.click_element((By.XPATH, f\"//div[text()='{rental_period}']\"))\n..\\pages\\base_page.py:20: in click_element\n    element = self.find_element(locator, time)\n..\\pages\\base_page.py:14: in find_element\n    return WebDriverWait(self.driver, time).until(\n_ _ _ _ _ _ _ _ _ _ _ _ _ _ _ _ _ _ _ _ _ _ _ _ _ _ _ _ _ _ _ _ _ _ _ _ _ _ _ _\n\nself = <selenium.webdriver.support.wait.WebDriverWait (session=\"b4969460-b98f-4b56-a69d-8b125be8ef88\")>\nmethod = <function presence_of_element_located.<locals>._predicate at 0x000002703CAAD440>\nmessage = 'Can\\'t find element by locator (\\'xpath\\', \"//div[text()=\\'двое суток\\']\")'\n\n    def until(self, method: Callable[[D], Union[Literal[False], T]], message: str = \"\") -> T:\n        \"\"\"Wait until the method returns a value that is not False.\n    \n        Calls the method provided with the driver as an argument until the\n        return value does not evaluate to ``False``.\n    \n        Parameters:\n        -----------\n        method: callable(WebDriver)\n            - A callable object that takes a WebDriver instance as an argument.\n    \n        message: str\n            - Optional message for :exc:`TimeoutException`\n    \n        Return:\n        -------\n        object: T\n            - The result of the last call to `method`\n    \n        Raises:\n        -------\n        TimeoutException\n            - If 'method' does not return a truthy value within the WebDriverWait\n            object's timeout\n    \n        Example:\n        --------\n        >>> from selenium.webdriver.common.by import By\n        >>> from selenium.webdriver.support.ui import WebDriverWait\n        >>> from selenium.webdriver.support import expected_conditions as EC\n    \n        # Wait until an element is visible on the page\n        >>> wait = WebDriverWait(driver, 10)\n        >>> element = wait.until(EC.visibility_of_element_located((By.ID, \"exampleId\")))\n        >>> print(element.text)\n        \"\"\"\n        screen = None\n        stacktrace = None\n    \n        end_time = time.monotonic() + self._timeout\n        while True:\n            try:\n                value = method(self._driver)\n                if value:\n                    return value\n            except self._ignored_exceptions as exc:\n                screen = getattr(exc, \"screen\", None)\n                stacktrace = getattr(exc, \"stacktrace\", None)\n            if time.monotonic() > end_time:\n                break\n            time.sleep(self._poll)\n>       raise TimeoutException(message, screen, stacktrace)\nE       selenium.common.exceptions.TimeoutException: Message: Can't find element by locator ('xpath', \"//div[text()='двое суток']\")\nE       Stacktrace:\nE       RemoteError@chrome://remote/content/shared/RemoteError.sys.mjs:8:8\nE       WebDriverError@chrome://remote/content/shared/webdriver/Errors.sys.mjs:199:5\nE       NoSuchElementError@chrome://remote/content/shared/webdriver/Errors.sys.mjs:552:5\nE       dom.find/</<@chrome://remote/content/shared/DOM.sys.mjs:136:16\n\n..\\.venv\\Lib\\site-packages\\selenium\\webdriver\\support\\wait.py:146: TimeoutException"}, "description": "Тестирование полного флоу заказа с разными наборами данных", "steps": [{"name": "Открываем главную страницу", "status": "passed", "start": 1743958542679, "stop": 1743958544194}, {"name": "Нажимаем кнопку 'Заказать' (head)", "status": "passed", "start": 1743958544194, "stop": 1743958544425}, {"name": "Заполняем первую часть формы заказа", "status": "passed", "start": 1743958544425, "stop": 1743958545755}, {"name": "Заполняем вторую часть формы заказа", "status": "broken", "statusDetails": {"message": "selenium.common.exceptions.TimeoutException: Message: Can't find element by locator ('xpath', \"//div[text()='двое суток']\")\nStacktrace:\nRemoteError@chrome://remote/content/shared/RemoteError.sys.mjs:8:8\nWebDriverError@chrome://remote/content/shared/webdriver/Errors.sys.mjs:199:5\nNoSuchElementError@chrome://remote/content/shared/webdriver/Errors.sys.mjs:552:5\ndom.find/</<@chrome://remote/content/shared/DOM.sys.mjs:136:16\n\n", "trace": "  File \"C:\\Users\\windw\\PycharmProjects\\Sprint_6\\tests\\test_order_scooter.py\", line 40, in test_successful_order_flow\n    order_page.fill_second_step_form(\n    ~~~~~~~~~~~~~~~~~~~~~~~~~~~~~~~~^\n        test_data['date'],\n        ^^^^^^^^^^^^^^^^^^\n    ...<2 lines>...\n        test_data['comment']\n        ^^^^^^^^^^^^^^^^^^^^\n    )\n    ^\n  File \"C:\\Users\\windw\\PycharmProjects\\Sprint_6\\pages\\order_page.py\", line 20, in fill_second_step_form\n    self.click_element((By.XPATH, f\"//div[text()='{rental_period}']\"))\n    ~~~~~~~~~~~~~~~~~~^^^^^^^^^^^^^^^^^^^^^^^^^^^^^^^^^^^^^^^^^^^^^^^^\n  File \"C:\\Users\\windw\\PycharmProjects\\Sprint_6\\pages\\base_page.py\", line 20, in click_element\n    element = self.find_element(locator, time)\n  File \"C:\\Users\\windw\\PycharmProjects\\Sprint_6\\pages\\base_page.py\", line 14, in find_element\n    return WebDriverWait(self.driver, time).until(\n           ~~~~~~~~~~~~~~~~~~~~~~~~~~~~~~~~~~~~~~^\n        EC.presence_of_element_located(locator),\n        ^^^^^^^^^^^^^^^^^^^^^^^^^^^^^^^^^^^^^^^^\n        message=f\"Can't find element by locator {locator}\"\n        ^^^^^^^^^^^^^^^^^^^^^^^^^^^^^^^^^^^^^^^^^^^^^^^^^^\n    )\n    ^\n  File \"C:\\Users\\windw\\PycharmProjects\\Sprint_6\\.venv\\Lib\\site-packages\\selenium\\webdriver\\support\\wait.py\", line 146, in until\n    raise TimeoutException(message, screen, stacktrace)\n"}, "start": 1743958545755, "stop": 1743958556294}], "attachments": [{"name": "screenshot", "source": "488ab399-7367-4649-8ae2-f50c5e8fd2fa-attachment.png", "type": "image/png"}], "parameters": [{"name": "order_button", "value": "'head'"}, {"name": "test_data", "value": "{'name': 'Харлампий', 'lastname': 'Герасимов', 'address': 'алл. Новоселов, д. 17', 'metro': 'ВДНХ', 'phone': '+79107124884', 'date': '09.04.2025', 'rental_period': 'двое суток', 'color': 'grey', 'comment': 'Полностью дрогнуть поставить палка необычный.'}"}], "start": 1743958542679, "stop": 1743958556306, "uuid": "f841d11a-e07b-4c65-8f56-0c5097f43cf7", "historyId": "d3ccddccc47047223c7734d69e9b6b81", "testCaseId": "1e85d20b957fb5b46498ca86a691026e", "fullName": "tests.test_order_scooter.TestOrderFlow#test_successful_order_flow", "labels": [{"name": "tag", "value": "@pytest.mark.usefixtures('driver')"}, {"name": "parentSuite", "value": "tests"}, {"name": "suite", "value": "test_order_scooter"}, {"name": "subSuite", "value": "TestOrderFlow"}, {"name": "host", "value": "Gemini_78"}, {"name": "thread", "value": "2988-MainThread"}, {"name": "framework", "value": "pytest"}, {"name": "language", "value": "cpython3"}, {"name": "package", "value": "tests.test_order_scooter"}]}