{"name": "Test successful order from different entry points", "status": "broken", "statusDetails": {"message": "selenium.common.exceptions.TimeoutException: Message: \nStacktrace:\nRemoteError@chrome://remote/content/shared/RemoteError.sys.mjs:8:8\nWebDriverError@chrome://remote/content/shared/webdriver/Errors.sys.mjs:199:5\nNoSuchElementError@chrome://remote/content/shared/webdriver/Errors.sys.mjs:552:5\ndom.find/</<@chrome://remote/content/shared/DOM.sys.mjs:136:16", "trace": "self = <tests.test_order_scooter.TestOrderFlow object at 0x00000243DCBACA50>\ndriver = <selenium.webdriver.firefox.webdriver.WebDriver (session=\"134359c1-6910-4ef4-b7e0-53c5f7cbef3b\")>\nentry_point = 'head'\n\n    @allure.title('Test successful order from different entry points')\n    @pytest.mark.parametrize('entry_point', ['head', 'foot'])\n    def test_successful_order_flow(self, driver, entry_point):\n        with allure.step('Generate test data'):\n            order_data = generate_order_data()\n            print(f\"\\nTest data: {order_data}\")\n    \n        with allure.step('Open main page and accept cookies'):\n            main_page = MainPage(driver)\n            main_page.go_to_site()\n            main_page.accept_cookies()\n    \n        with allure.step(f'Start order from {entry_point} button'):\n            if entry_point == 'head':\n                main_page.click_head_order_button()\n            else:\n                main_page.scroll_to_footer()\n                main_page.click_foot_order_button()\n    \n        with allure.step('Fill first step of order form'):\n            order_page = OrderPage(driver)\n            order_page.fill_first_step_form(\n                order_data['name'],\n                order_data['lastname'],\n                order_data['address'],\n                order_data['metro'],\n                order_data['phone']\n            )\n    \n        with allure.step('Fill second step of order form'):\n            order_page.fill_second_step_form(\n                order_data['date'],\n                order_data['rental_period'],\n                order_data['color'],\n                order_data['comment']\n            )\n    \n        with allure.step('Confirm order and check success'):\n>           success_message = order_page.confirm_order()\n\ntest_order_scooter.py:50: \n_ _ _ _ _ _ _ _ _ _ _ _ _ _ _ _ _ _ _ _ _ _ _ _ _ _ _ _ _ _ _ _ _ _ _ _ _ _ _ _\n..\\pages\\order_page.py:131: in confirm_order\n    modal = WebDriverWait(self.driver, 30).until(\n_ _ _ _ _ _ _ _ _ _ _ _ _ _ _ _ _ _ _ _ _ _ _ _ _ _ _ _ _ _ _ _ _ _ _ _ _ _ _ _\n\nself = <selenium.webdriver.support.wait.WebDriverWait (session=\"134359c1-6910-4ef4-b7e0-53c5f7cbef3b\")>\nmethod = <function visibility_of_element_located.<locals>._predicate at 0x00000243DCD196C0>\nmessage = ''\n\n    def until(self, method: Callable[[D], Union[Literal[False], T]], message: str = \"\") -> T:\n        \"\"\"Wait until the method returns a value that is not False.\n    \n        Calls the method provided with the driver as an argument until the\n        return value does not evaluate to ``False``.\n    \n        Parameters:\n        -----------\n        method: callable(WebDriver)\n            - A callable object that takes a WebDriver instance as an argument.\n    \n        message: str\n            - Optional message for :exc:`TimeoutException`\n    \n        Return:\n        -------\n        object: T\n            - The result of the last call to `method`\n    \n        Raises:\n        -------\n        TimeoutException\n            - If 'method' does not return a truthy value within the WebDriverWait\n            object's timeout\n    \n        Example:\n        --------\n        >>> from selenium.webdriver.common.by import By\n        >>> from selenium.webdriver.support.ui import WebDriverWait\n        >>> from selenium.webdriver.support import expected_conditions as EC\n    \n        # Wait until an element is visible on the page\n        >>> wait = WebDriverWait(driver, 10)\n        >>> element = wait.until(EC.visibility_of_element_located((By.ID, \"exampleId\")))\n        >>> print(element.text)\n        \"\"\"\n        screen = None\n        stacktrace = None\n    \n        end_time = time.monotonic() + self._timeout\n        while True:\n            try:\n                value = method(self._driver)\n                if value:\n                    return value\n            except self._ignored_exceptions as exc:\n                screen = getattr(exc, \"screen\", None)\n                stacktrace = getattr(exc, \"stacktrace\", None)\n            if time.monotonic() > end_time:\n                break\n            time.sleep(self._poll)\n>       raise TimeoutException(message, screen, stacktrace)\nE       selenium.common.exceptions.TimeoutException: Message: \nE       Stacktrace:\nE       RemoteError@chrome://remote/content/shared/RemoteError.sys.mjs:8:8\nE       WebDriverError@chrome://remote/content/shared/webdriver/Errors.sys.mjs:199:5\nE       NoSuchElementError@chrome://remote/content/shared/webdriver/Errors.sys.mjs:552:5\nE       dom.find/</<@chrome://remote/content/shared/DOM.sys.mjs:136:16\n\n..\\.venv\\Lib\\site-packages\\selenium\\webdriver\\support\\wait.py:146: TimeoutException"}, "steps": [{"name": "Generate test data", "status": "passed", "start": 1743966866250, "stop": 1743966866255}, {"name": "Open main page and accept cookies", "status": "passed", "start": 1743966866255, "stop": 1743966867644}, {"name": "Start order from head button", "status": "passed", "start": 1743966867644, "stop": 1743966867878}, {"name": "Fill first step of order form", "status": "passed", "start": 1743966867878, "stop": 1743966869474}, {"name": "Fill second step of order form", "status": "passed", "start": 1743966869474, "stop": 1743966877539}, {"name": "Confirm order and check success", "status": "broken", "statusDetails": {"message": "selenium.common.exceptions.TimeoutException: Message: \nStacktrace:\nRemoteError@chrome://remote/content/shared/RemoteError.sys.mjs:8:8\nWebDriverError@chrome://remote/content/shared/webdriver/Errors.sys.mjs:199:5\nNoSuchElementError@chrome://remote/content/shared/webdriver/Errors.sys.mjs:552:5\ndom.find/</<@chrome://remote/content/shared/DOM.sys.mjs:136:16\n\n", "trace": "  File \"C:\\Users\\windw\\PycharmProjects\\Sprint_6\\tests\\test_order_scooter.py\", line 50, in test_successful_order_flow\n    success_message = order_page.confirm_order()\n  File \"C:\\Users\\windw\\PycharmProjects\\Sprint_6\\pages\\order_page.py\", line 131, in confirm_order\n    modal = WebDriverWait(self.driver, 30).until(\n        EC.visibility_of_element_located(OrderPageLocators.MODAL_WINDOW)\n    )\n  File \"C:\\Users\\windw\\PycharmProjects\\Sprint_6\\.venv\\Lib\\site-packages\\selenium\\webdriver\\support\\wait.py\", line 146, in until\n    raise TimeoutException(message, screen, stacktrace)\n"}, "start": 1743966877539, "stop": 1743966907855}], "attachments": [{"name": "stdout", "source": "57da7c53-1e69-4b00-a102-622648696e21-attachment.txt", "type": "text/plain"}], "parameters": [{"name": "entry_point", "value": "'head'"}], "start": 1743966866250, "stop": 1743966907867, "uuid": "22967b73-d6f3-4e43-ae4a-52a5e670b568", "historyId": "a5c03886fde6e2866042c2e58ac635a4", "testCaseId": "1e85d20b957fb5b46498ca86a691026e", "fullName": "tests.test_order_scooter.TestOrderFlow#test_successful_order_flow", "labels": [{"name": "feature", "value": "Order Flow"}, {"name": "parentSuite", "value": "tests"}, {"name": "suite", "value": "test_order_scooter"}, {"name": "subSuite", "value": "TestOrderFlow"}, {"name": "host", "value": "Gemini_78"}, {"name": "thread", "value": "21208-MainThread"}, {"name": "framework", "value": "pytest"}, {"name": "language", "value": "cpython3"}, {"name": "package", "value": "tests.test_order_scooter"}]}