{"name": "Заказ через верхнюю кнопку", "status": "broken", "statusDetails": {"message": "selenium.common.exceptions.TimeoutException: Message: \nStacktrace:\nRemoteError@chrome://remote/content/shared/RemoteError.sys.mjs:8:8\nWebDriverError@chrome://remote/content/shared/webdriver/Errors.sys.mjs:199:5\nNoSuchElementError@chrome://remote/content/shared/webdriver/Errors.sys.mjs:552:5\ndom.find/</<@chrome://remote/content/shared/DOM.sys.mjs:136:16", "trace": "self = <tests.test_order_scooter.TestOrderScooter object at 0x0000026461A9EAD0>\norder_page = <pages.order_page.OrderPage object at 0x0000026461B7FCB0>\norder_data = {'address': 'ул. Арбат, 1', 'color': 'black', 'comment': 'Волк светило пасть соответствие выгнать.', 'date': '12.04.2025', ...}\n\n    @allure.title('Заказ через верхнюю кнопку')\n    def test_order_via_top_button(self, order_page, order_data):\n        with allure.step('1. Нажать верхнюю кнопку \"Заказать\"'):\n            order_page.click_order_button_top()\n    \n>       self._complete_order_flow(order_page, order_data)\n\ntests\\test_order_scooter.py:12: \n_ _ _ _ _ _ _ _ _ _ _ _ _ _ _ _ _ _ _ _ _ _ _ _ _ _ _ _ _ _ _ _ _ _ _ _ _ _ _ _\ntests\\test_order_scooter.py:24: in _complete_order_flow\n    order_page.fill_personal_info(\npages\\order_page.py:25: in fill_personal_info\n    self.click_on_element(metro_option)\npages\\base_page.py:22: in click_on_element\n    element = self.wait_for_element_to_be_clickable(locator, timeout)\npages\\base_page.py:48: in wait_for_element_to_be_clickable\n    return WebDriverWait(self.driver, timeout).until(\n_ _ _ _ _ _ _ _ _ _ _ _ _ _ _ _ _ _ _ _ _ _ _ _ _ _ _ _ _ _ _ _ _ _ _ _ _ _ _ _\n\nself = <selenium.webdriver.support.wait.WebDriverWait (session=\"976545c3-f645-4c2b-9335-302d0670d85d\")>\nmethod = <function element_to_be_clickable.<locals>._predicate at 0x0000026461FBE520>\nmessage = ''\n\n    def until(self, method: Callable[[D], Union[Literal[False], T]], message: str = \"\") -> T:\n        \"\"\"Wait until the method returns a value that is not False.\n    \n        Calls the method provided with the driver as an argument until the\n        return value does not evaluate to ``False``.\n    \n        Parameters:\n        -----------\n        method: callable(WebDriver)\n            - A callable object that takes a WebDriver instance as an argument.\n    \n        message: str\n            - Optional message for :exc:`TimeoutException`\n    \n        Return:\n        -------\n        object: T\n            - The result of the last call to `method`\n    \n        Raises:\n        -------\n        TimeoutException\n            - If 'method' does not return a truthy value within the WebDriverWait\n            object's timeout\n    \n        Example:\n        --------\n        >>> from selenium.webdriver.common.by import By\n        >>> from selenium.webdriver.support.ui import WebDriverWait\n        >>> from selenium.webdriver.support import expected_conditions as EC\n    \n        # Wait until an element is visible on the page\n        >>> wait = WebDriverWait(driver, 10)\n        >>> element = wait.until(EC.visibility_of_element_located((By.ID, \"exampleId\")))\n        >>> print(element.text)\n        \"\"\"\n        screen = None\n        stacktrace = None\n    \n        end_time = time.monotonic() + self._timeout\n        while True:\n            try:\n                value = method(self._driver)\n                if value:\n                    return value\n            except self._ignored_exceptions as exc:\n                screen = getattr(exc, \"screen\", None)\n                stacktrace = getattr(exc, \"stacktrace\", None)\n            if time.monotonic() > end_time:\n                break\n            time.sleep(self._poll)\n>       raise TimeoutException(message, screen, stacktrace)\nE       selenium.common.exceptions.TimeoutException: Message: \nE       Stacktrace:\nE       RemoteError@chrome://remote/content/shared/RemoteError.sys.mjs:8:8\nE       WebDriverError@chrome://remote/content/shared/webdriver/Errors.sys.mjs:199:5\nE       NoSuchElementError@chrome://remote/content/shared/webdriver/Errors.sys.mjs:552:5\nE       dom.find/</<@chrome://remote/content/shared/DOM.sys.mjs:136:16\n\n.venv\\Lib\\site-packages\\selenium\\webdriver\\support\\wait.py:146: TimeoutException"}, "steps": [{"name": "1. Нажать верхнюю кнопку \"Заказать\"", "status": "passed", "steps": [{"name": "Нажать на верхнюю кнопку \"Заказать\"", "status": "passed", "steps": [{"name": "Нажать на элемент", "status": "passed", "steps": [{"name": "Ожидание кликабельности элемента", "status": "passed", "parameters": [{"name": "locator", "value": "('xpath', \"//button[contains(@class, 'Button_Button__ra12g') and not(contains(@class, 'Button_Middle')) and contains(text(), 'Заказать')]\")"}, {"name": "timeout", "value": "10"}], "start": 1744227231524, "stop": 1744227231570}], "parameters": [{"name": "locator", "value": "('xpath', \"//button[contains(@class, 'Button_Button__ra12g') and not(contains(@class, 'Button_Middle')) and contains(text(), 'Заказать')]\")"}, {"name": "timeout", "value": "10"}], "start": 1744227231524, "stop": 1744227231842}], "start": 1744227231524, "stop": 1744227231842}], "start": 1744227231524, "stop": 1744227231842}, {"name": "2. Заполнить персональные данные", "status": "broken", "statusDetails": {"message": "selenium.common.exceptions.TimeoutException: Message: \nStacktrace:\nRemoteError@chrome://remote/content/shared/RemoteError.sys.mjs:8:8\nWebDriverError@chrome://remote/content/shared/webdriver/Errors.sys.mjs:199:5\nNoSuchElementError@chrome://remote/content/shared/webdriver/Errors.sys.mjs:552:5\ndom.find/</<@chrome://remote/content/shared/DOM.sys.mjs:136:16\n\n", "trace": "  File \"C:\\Users\\windw\\PycharmProjects\\Sprint_6\\tests\\test_order_scooter.py\", line 24, in _complete_order_flow\n    order_page.fill_personal_info(\n    ~~~~~~~~~~~~~~~~~~~~~~~~~~~~~^\n        name=order_data['name'],\n        ^^^^^^^^^^^^^^^^^^^^^^^^\n    ...<3 lines>...\n        phone=order_data['phone']\n        ^^^^^^^^^^^^^^^^^^^^^^^^^\n    )\n    ^\n  File \"C:\\Users\\windw\\PycharmProjects\\Sprint_6\\.venv\\Lib\\site-packages\\allure_commons\\_allure.py\", line 202, in impl\n    return func(*a, **kw)\n  File \"C:\\Users\\windw\\PycharmProjects\\Sprint_6\\pages\\order_page.py\", line 25, in fill_personal_info\n    self.click_on_element(metro_option)\n    ~~~~~~~~~~~~~~~~~~~~~^^^^^^^^^^^^^^\n  File \"C:\\Users\\windw\\PycharmProjects\\Sprint_6\\.venv\\Lib\\site-packages\\allure_commons\\_allure.py\", line 202, in impl\n    return func(*a, **kw)\n  File \"C:\\Users\\windw\\PycharmProjects\\Sprint_6\\pages\\base_page.py\", line 22, in click_on_element\n    element = self.wait_for_element_to_be_clickable(locator, timeout)\n  File \"C:\\Users\\windw\\PycharmProjects\\Sprint_6\\.venv\\Lib\\site-packages\\allure_commons\\_allure.py\", line 202, in impl\n    return func(*a, **kw)\n  File \"C:\\Users\\windw\\PycharmProjects\\Sprint_6\\pages\\base_page.py\", line 48, in wait_for_element_to_be_clickable\n    return WebDriverWait(self.driver, timeout).until(\n           ~~~~~~~~~~~~~~~~~~~~~~~~~~~~~~~~~~~~~~~~~^\n        EC.element_to_be_clickable(locator))\n        ^^^^^^^^^^^^^^^^^^^^^^^^^^^^^^^^^^^^\n  File \"C:\\Users\\windw\\PycharmProjects\\Sprint_6\\.venv\\Lib\\site-packages\\selenium\\webdriver\\support\\wait.py\", line 146, in until\n    raise TimeoutException(message, screen, stacktrace)\n"}, "steps": [{"name": "Заполнить персональную информацию: 'Акулина' 'Гуляев'", "status": "broken", "statusDetails": {"message": "selenium.common.exceptions.TimeoutException: Message: \nStacktrace:\nRemoteError@chrome://remote/content/shared/RemoteError.sys.mjs:8:8\nWebDriverError@chrome://remote/content/shared/webdriver/Errors.sys.mjs:199:5\nNoSuchElementError@chrome://remote/content/shared/webdriver/Errors.sys.mjs:552:5\ndom.find/</<@chrome://remote/content/shared/DOM.sys.mjs:136:16\n\n", "trace": "  File \"C:\\Users\\windw\\PycharmProjects\\Sprint_6\\.venv\\Lib\\site-packages\\allure_commons\\_allure.py\", line 202, in impl\n    return func(*a, **kw)\n  File \"C:\\Users\\windw\\PycharmProjects\\Sprint_6\\pages\\order_page.py\", line 25, in fill_personal_info\n    self.click_on_element(metro_option)\n    ~~~~~~~~~~~~~~~~~~~~~^^^^^^^^^^^^^^\n  File \"C:\\Users\\windw\\PycharmProjects\\Sprint_6\\.venv\\Lib\\site-packages\\allure_commons\\_allure.py\", line 202, in impl\n    return func(*a, **kw)\n  File \"C:\\Users\\windw\\PycharmProjects\\Sprint_6\\pages\\base_page.py\", line 22, in click_on_element\n    element = self.wait_for_element_to_be_clickable(locator, timeout)\n  File \"C:\\Users\\windw\\PycharmProjects\\Sprint_6\\.venv\\Lib\\site-packages\\allure_commons\\_allure.py\", line 202, in impl\n    return func(*a, **kw)\n  File \"C:\\Users\\windw\\PycharmProjects\\Sprint_6\\pages\\base_page.py\", line 48, in wait_for_element_to_be_clickable\n    return WebDriverWait(self.driver, timeout).until(\n           ~~~~~~~~~~~~~~~~~~~~~~~~~~~~~~~~~~~~~~~~~^\n        EC.element_to_be_clickable(locator))\n        ^^^^^^^^^^^^^^^^^^^^^^^^^^^^^^^^^^^^\n  File \"C:\\Users\\windw\\PycharmProjects\\Sprint_6\\.venv\\Lib\\site-packages\\selenium\\webdriver\\support\\wait.py\", line 146, in until\n    raise TimeoutException(message, screen, stacktrace)\n"}, "steps": [{"name": "Ввести текст в поле ввода", "status": "passed", "steps": [{"name": "Ожидание видимости элемента", "status": "passed", "parameters": [{"name": "locator", "value": "('xpath', \"//input[@placeholder='* Имя']\")"}, {"name": "timeout", "value": "10"}], "start": 1744227231843, "stop": 1744227231858}], "parameters": [{"name": "locator", "value": "('xpath', \"//input[@placeholder='* Имя']\")"}, {"name": "keys", "value": "'Акулина'"}, {"name": "timeout", "value": "10"}], "start": 1744227231842, "stop": 1744227231960}, {"name": "Ввести текст в поле ввода", "status": "passed", "steps": [{"name": "Ожидание видимости элемента", "status": "passed", "parameters": [{"name": "locator", "value": "('xpath', \"//input[@placeholder='* Фамилия']\")"}, {"name": "timeout", "value": "10"}], "start": 1744227231960, "stop": 1744227231974}], "parameters": [{"name": "locator", "value": "('xpath', \"//input[@placeholder='* Фамилия']\")"}, {"name": "keys", "value": "'Гуляев'"}, {"name": "timeout", "value": "10"}], "start": 1744227231960, "stop": 1744227232009}, {"name": "Ввести текст в поле ввода", "status": "passed", "steps": [{"name": "Ожидание видимости элемента", "status": "passed", "parameters": [{"name": "locator", "value": "('xpath', \"//input[@placeholder='* Адрес: куда привезти заказ']\")"}, {"name": "timeout", "value": "10"}], "start": 1744227232010, "stop": 1744227232021}], "parameters": [{"name": "locator", "value": "('xpath', \"//input[@placeholder='* Адрес: куда привезти заказ']\")"}, {"name": "keys", "value": "'ул. Арбат, 1'"}, {"name": "timeout", "value": "10"}], "start": 1744227232009, "stop": 1744227232065}, {"name": "Ввести текст в поле ввода", "status": "passed", "steps": [{"name": "Ожидание видимости элемента", "status": "passed", "parameters": [{"name": "locator", "value": "('xpath', \"//input[@placeholder='* Станция метро']\")"}, {"name": "timeout", "value": "10"}], "start": 1744227232066, "stop": 1744227232076}], "parameters": [{"name": "locator", "value": "('xpath', \"//input[@placeholder='* Станция метро']\")"}, {"name": "keys", "value": "'Сокольники'"}, {"name": "timeout", "value": "10"}], "start": 1744227232066, "stop": 1744227232159}, {"name": "Нажать на элемент", "status": "broken", "statusDetails": {"message": "selenium.common.exceptions.TimeoutException: Message: \nStacktrace:\nRemoteError@chrome://remote/content/shared/RemoteError.sys.mjs:8:8\nWebDriverError@chrome://remote/content/shared/webdriver/Errors.sys.mjs:199:5\nNoSuchElementError@chrome://remote/content/shared/webdriver/Errors.sys.mjs:552:5\ndom.find/</<@chrome://remote/content/shared/DOM.sys.mjs:136:16\n\n", "trace": "  File \"C:\\Users\\windw\\PycharmProjects\\Sprint_6\\.venv\\Lib\\site-packages\\allure_commons\\_allure.py\", line 202, in impl\n    return func(*a, **kw)\n  File \"C:\\Users\\windw\\PycharmProjects\\Sprint_6\\pages\\base_page.py\", line 22, in click_on_element\n    element = self.wait_for_element_to_be_clickable(locator, timeout)\n  File \"C:\\Users\\windw\\PycharmProjects\\Sprint_6\\.venv\\Lib\\site-packages\\allure_commons\\_allure.py\", line 202, in impl\n    return func(*a, **kw)\n  File \"C:\\Users\\windw\\PycharmProjects\\Sprint_6\\pages\\base_page.py\", line 48, in wait_for_element_to_be_clickable\n    return WebDriverWait(self.driver, timeout).until(\n           ~~~~~~~~~~~~~~~~~~~~~~~~~~~~~~~~~~~~~~~~~^\n        EC.element_to_be_clickable(locator))\n        ^^^^^^^^^^^^^^^^^^^^^^^^^^^^^^^^^^^^\n  File \"C:\\Users\\windw\\PycharmProjects\\Sprint_6\\.venv\\Lib\\site-packages\\selenium\\webdriver\\support\\wait.py\", line 146, in until\n    raise TimeoutException(message, screen, stacktrace)\n"}, "steps": [{"name": "Ожидание кликабельности элемента", "status": "broken", "statusDetails": {"message": "selenium.common.exceptions.TimeoutException: Message: \nStacktrace:\nRemoteError@chrome://remote/content/shared/RemoteError.sys.mjs:8:8\nWebDriverError@chrome://remote/content/shared/webdriver/Errors.sys.mjs:199:5\nNoSuchElementError@chrome://remote/content/shared/webdriver/Errors.sys.mjs:552:5\ndom.find/</<@chrome://remote/content/shared/DOM.sys.mjs:136:16\n\n", "trace": "  File \"C:\\Users\\windw\\PycharmProjects\\Sprint_6\\.venv\\Lib\\site-packages\\allure_commons\\_allure.py\", line 202, in impl\n    return func(*a, **kw)\n  File \"C:\\Users\\windw\\PycharmProjects\\Sprint_6\\pages\\base_page.py\", line 48, in wait_for_element_to_be_clickable\n    return WebDriverWait(self.driver, timeout).until(\n           ~~~~~~~~~~~~~~~~~~~~~~~~~~~~~~~~~~~~~~~~~^\n        EC.element_to_be_clickable(locator))\n        ^^^^^^^^^^^^^^^^^^^^^^^^^^^^^^^^^^^^\n  File \"C:\\Users\\windw\\PycharmProjects\\Sprint_6\\.venv\\Lib\\site-packages\\selenium\\webdriver\\support\\wait.py\", line 146, in until\n    raise TimeoutException(message, screen, stacktrace)\n"}, "parameters": [{"name": "locator", "value": "('xpath', \"//div[contains(@class, 'select-search__option') and text()='Сокольники']\")"}, {"name": "timeout", "value": "10"}], "start": 1744227232160, "stop": 1744227242402}], "parameters": [{"name": "locator", "value": "('xpath', \"//div[contains(@class, 'select-search__option') and text()='Сокольники']\")"}, {"name": "timeout", "value": "10"}], "start": 1744227232159, "stop": 1744227242423}], "parameters": [{"name": "name", "value": "'Акулина'"}, {"name": "lastname", "value": "'Гуляев'"}, {"name": "address", "value": "'ул. Арбат, 1'"}, {"name": "metro", "value": "'Сокольники'"}, {"name": "phone", "value": "'+79251572753'"}], "start": 1744227231842, "stop": 1744227242429}], "start": 1744227231842, "stop": 1744227242435}], "start": 1744227231523, "stop": 1744227242446, "uuid": "f83e00d3-fe3a-46c7-95a7-77e7fa9bd808", "historyId": "c101f61e1556e4606fb16d8f12a93798", "testCaseId": "c101f61e1556e4606fb16d8f12a93798", "fullName": "tests.test_order_scooter.TestOrderScooter#test_order_via_top_button", "labels": [{"name": "feature", "value": "Тесты заказа самоката"}, {"name": "parentSuite", "value": "tests"}, {"name": "suite", "value": "test_order_scooter"}, {"name": "subSuite", "value": "TestOrderScooter"}, {"name": "host", "value": "Gemini_78"}, {"name": "thread", "value": "13320-MainThread"}, {"name": "framework", "value": "pytest"}, {"name": "language", "value": "cpython3"}, {"name": "package", "value": "tests.test_order_scooter"}]}